<?xml version="1.0" encoding="UTF-8"?>
<testsuites name="jest tests" tests="9" failures="0" errors="0" time="53.612">
  <testsuite name="Index Page" errors="0" failures="0" skipped="0" timestamp="2023-06-20T08:57:43" time="20.065" tests="1">
    <testcase classname="Index Page renders the Home component" name="Index Page renders the Home component" time="0.04">
    </testcase>
  </testsuite>
  <testsuite name="AceViewerComponent" errors="0" failures="0" skipped="0" timestamp="2023-06-20T08:57:43" time="20.214" tests="1">
    <testcase classname="AceViewerComponent renders correctly without code" name="AceViewerComponent renders correctly without code" time="0.193">
    </testcase>
  </testsuite>
  <testsuite name="Layout" errors="0" failures="0" skipped="0" timestamp="2023-06-20T08:57:43" time="26.077" tests="1">
    <testcase classname="Layout renders correctly" name="Layout renders correctly" time="0.07">
    </testcase>
  </testsuite>
  <testsuite name="NavLink" errors="0" failures="0" skipped="0" timestamp="2023-06-20T08:57:43" time="26.116" tests="2">
    <testcase classname="NavLink renders correctly when active" name="NavLink renders correctly when active" time="0.07">
    </testcase>
    <testcase classname="NavLink renders correctly when not active" name="NavLink renders correctly when not active" time="0.037">
    </testcase>
  </testsuite>
  <testsuite name="SidebarMenu" errors="0" failures="0" skipped="0" timestamp="2023-06-20T08:57:43" time="26.342" tests="1">
    <testcase classname="SidebarMenu renders correctly with menu items" name="SidebarMenu renders correctly with menu items" time="0.092">
    </testcase>
  </testsuite>
  <testsuite name="MainLayout" errors="0" failures="0" skipped="0" timestamp="2023-06-20T08:57:43" time="26.352" tests="1">
    <testcase classname="MainLayout renders correctly" name="MainLayout renders correctly" time="0.07">
    </testcase>
  </testsuite>
  <testsuite name="Select" errors="0" failures="0" skipped="0" timestamp="2023-06-20T08:57:43" time="27.722" tests="2">
    <testcase classname="Select renders correctly with all props" name="Select renders correctly with all props" time="0.1">
    </testcase>
    <testcase classname="Select renders correctly with minimal props" name="Select renders correctly with minimal props" time="0.006">
    </testcase>
  </testsuite>
</testsuites>